<?xml version="1.0" encoding="UTF-8"?>
<coverage generated="1653848833327" clover="3.2.0">
  <project timestamp="1653848833329" name="All files">
    <metrics statements="2" coveredstatements="2" conditionals="0" coveredconditionals="0" methods="0" coveredmethods="0" elements="2" coveredelements="2" complexity="0" loc="2" ncloc="2" packages="1" files="1" classes="1"/>
    <file name="Lance.vue" path="/home/rafael/Documentos/develop/projects/vue-jest/src/components/Lance.vue">
      <metrics statements="2" coveredstatements="2" conditionals="0" coveredconditionals="0" methods="0" coveredmethods="0"/>
      <line num="6" count="1" type="stmt"/>
      <line num="8" count="1" type="stmt"/>
    </file>
  </project>
</coverage>
